Drill report for piano.kicad_pcb
Created on 2025-12-13T22:30:07+0100

Copper Layer Stackup:
    =============================================================
    L1 :  F.Cu                      front
    L2 :  B.Cu                      back


Drill file 'piano-PTH.drl' contains
    plated through holes:
    =============================================================
    T1  0,300mm  0,0118"  (6 holes)
    T2  0,600mm  0,0236"  (2 holes)
    T3  0,800mm  0,0315"  (10 holes)
    T4  0,900mm  0,0354"  (4 holes)
    T5  0,980mm  0,0386"  (2 holes)  (with 2 slots)
    T6  1,000mm  0,0394"  (2 holes)
    T7  1,100mm  0,0433"  (2 holes)
    T8  1,170mm  0,0461"  (2 holes)
    T9  1,200mm  0,0472"  (22 holes)
    T10  1,500mm  0,0591"  (2 holes)

    Total plated holes count 54


Drill file 'piano-NPTH.drl' contains
    unplated through holes:
    =============================================================
    T1  2,000mm  0,0787"  (16 holes)

    Total unplated holes count 16
